<?xml version="1.0" encoding="UTF-8"?>
<testng-results ignored="0" total="1" passed="1" failed="0" skipped="0">
  <reporter-output>
  </reporter-output>
  <suite started-at="2023-06-14T14:00:25 IST" name="Default suite" finished-at="2023-06-14T14:00:25 IST" duration-ms="399">
    <groups>
    </groups>
    <test started-at="2023-06-14T14:00:25 IST" name="Default test" finished-at="2023-06-14T14:00:25 IST" duration-ms="399">
      <class name="nestedPOJO.CreateNestedJSONFromPOJO">
        <test-method signature="generatePOJOData()[pri:0, instance:nestedPOJO.CreateNestedJSONFromPOJO@212b5695]" started-at="2023-06-14T14:00:25 IST" name="generatePOJOData" finished-at="2023-06-14T14:00:25 IST" duration-ms="351" status="PASS">
          <reporter-output>
          </reporter-output>
        </test-method> <!-- generatePOJOData -->
      </class> <!-- nestedPOJO.CreateNestedJSONFromPOJO -->
    </test> <!-- Default test -->
  </suite> <!-- Default suite -->
</testng-results>
